Determining if the pthread_create exist failed with the following output:
Change Dir: /home/lion/wxh/auto_cali/build/CMakeFiles/CMakeTmp

Run Build Command:"/usr/bin/make" "cmTC_75e4c/fast"
/usr/bin/make -f CMakeFiles/cmTC_75e4c.dir/build.make CMakeFiles/cmTC_75e4c.dir/build
make[1]: 进入目录“/home/lion/wxh/auto_cali/build/CMakeFiles/CMakeTmp”
Building C object CMakeFiles/cmTC_75e4c.dir/CheckSymbolExists.c.o
/usr/bin/cc    -o CMakeFiles/cmTC_75e4c.dir/CheckSymbolExists.c.o   -c /home/lion/wxh/auto_cali/build/CMakeFiles/CMakeTmp/CheckSymbolExists.c
Linking C executable cmTC_75e4c
/usr/bin/cmake -E cmake_link_script CMakeFiles/cmTC_75e4c.dir/link.txt --verbose=1
/usr/bin/cc      -rdynamic CMakeFiles/cmTC_75e4c.dir/CheckSymbolExists.c.o  -o cmTC_75e4c 
CMakeFiles/cmTC_75e4c.dir/CheckSymbolExists.c.o：在函数‘main’中：
CheckSymbolExists.c:(.text+0x1b)：对‘pthread_create’未定义的引用
collect2: error: ld returned 1 exit status
CMakeFiles/cmTC_75e4c.dir/build.make:97: recipe for target 'cmTC_75e4c' failed
make[1]: *** [cmTC_75e4c] Error 1
make[1]: 离开目录“/home/lion/wxh/auto_cali/build/CMakeFiles/CMakeTmp”
Makefile:126: recipe for target 'cmTC_75e4c/fast' failed
make: *** [cmTC_75e4c/fast] Error 2

File /home/lion/wxh/auto_cali/build/CMakeFiles/CMakeTmp/CheckSymbolExists.c:
/* */
#include <pthread.h>

int main(int argc, char** argv)
{
  (void)argv;
#ifndef pthread_create
  return ((int*)(&pthread_create))[argc];
#else
  (void)argc;
  return 0;
#endif
}

Determining if the function pthread_create exists in the pthreads failed with the following output:
Change Dir: /home/lion/wxh/auto_cali/build/CMakeFiles/CMakeTmp

Run Build Command:"/usr/bin/make" "cmTC_c8d31/fast"
/usr/bin/make -f CMakeFiles/cmTC_c8d31.dir/build.make CMakeFiles/cmTC_c8d31.dir/build
make[1]: 进入目录“/home/lion/wxh/auto_cali/build/CMakeFiles/CMakeTmp”
Building C object CMakeFiles/cmTC_c8d31.dir/CheckFunctionExists.c.o
/usr/bin/cc   -DCHECK_FUNCTION_EXISTS=pthread_create   -o CMakeFiles/cmTC_c8d31.dir/CheckFunctionExists.c.o   -c /usr/share/cmake-3.10/Modules/CheckFunctionExists.c
Linking C executable cmTC_c8d31
/usr/bin/cmake -E cmake_link_script CMakeFiles/cmTC_c8d31.dir/link.txt --verbose=1
/usr/bin/cc  -DCHECK_FUNCTION_EXISTS=pthread_create    -rdynamic CMakeFiles/cmTC_c8d31.dir/CheckFunctionExists.c.o  -o cmTC_c8d31 -lpthreads 
/usr/bin/ld: 找不到 -lpthreads
collect2: error: ld returned 1 exit status
CMakeFiles/cmTC_c8d31.dir/build.make:97: recipe for target 'cmTC_c8d31' failed
make[1]: *** [cmTC_c8d31] Error 1
make[1]: 离开目录“/home/lion/wxh/auto_cali/build/CMakeFiles/CMakeTmp”
Makefile:126: recipe for target 'cmTC_c8d31/fast' failed
make: *** [cmTC_c8d31/fast] Error 2


